mode: set
aoc-2021/internal/day5/day5.go:20.17,26.2 3 0
aoc-2021/internal/day5/day5.go:28.46,35.23 4 1
aoc-2021/internal/day5/day5.go:39.2,43.28 3 1
aoc-2021/internal/day5/day5.go:51.2,52.16 2 1
aoc-2021/internal/day5/day5.go:35.23,37.3 1 1
aoc-2021/internal/day5/day5.go:43.28,44.27 1 1
aoc-2021/internal/day5/day5.go:44.27,45.16 1 1
aoc-2021/internal/day5/day5.go:45.16,47.5 1 1
aoc-2021/internal/day5/day5.go:55.41,62.26 1 1
aoc-2021/internal/day5/day5.go:62.26,68.18 5 1
aoc-2021/internal/day5/day5.go:76.3,76.18 1 1
aoc-2021/internal/day5/day5.go:84.3,84.33 1 1
aoc-2021/internal/day5/day5.go:68.18,71.4 2 1
aoc-2021/internal/day5/day5.go:71.9,74.4 2 1
aoc-2021/internal/day5/day5.go:76.18,79.4 2 0
aoc-2021/internal/day5/day5.go:79.9,82.4 2 1
aoc-2021/internal/day5/day5.go:84.33,85.34 1 1
aoc-2021/internal/day5/day5.go:85.34,86.16 1 1
aoc-2021/internal/day5/day5.go:91.5,91.27 1 1
aoc-2021/internal/day5/day5.go:95.5,100.16 4 1
aoc-2021/internal/day5/day5.go:86.16,88.14 2 1
aoc-2021/internal/day5/day5.go:91.27,93.6 1 0
aoc-2021/internal/day5/day5.go:100.16,102.6 1 1
aoc-2021/internal/day5/day5.go:108.52,110.32 2 1
aoc-2021/internal/day5/day5.go:132.2,132.22 1 1
aoc-2021/internal/day5/day5.go:110.32,118.12 6 1
aoc-2021/internal/day5/day5.go:118.12,119.28 1 1
aoc-2021/internal/day5/day5.go:119.28,121.5 1 1
aoc-2021/internal/day5/day5.go:122.9,123.28 1 1
aoc-2021/internal/day5/day5.go:128.4,128.113 1 1
aoc-2021/internal/day5/day5.go:123.28,125.13 2 1
aoc-2021/internal/day5/day5.go:135.36,139.26 3 1
aoc-2021/internal/day5/day5.go:161.2,161.26 1 1
aoc-2021/internal/day5/day5.go:139.26,140.18 1 1
aoc-2021/internal/day5/day5.go:150.3,150.18 1 1
aoc-2021/internal/day5/day5.go:140.18,141.19 1 1
aoc-2021/internal/day5/day5.go:141.19,143.5 1 1
aoc-2021/internal/day5/day5.go:144.9,145.19 1 1
aoc-2021/internal/day5/day5.go:145.19,147.5 1 1
aoc-2021/internal/day5/day5.go:150.18,151.19 1 0
aoc-2021/internal/day5/day5.go:151.19,153.5 1 0
aoc-2021/internal/day5/day5.go:154.9,155.19 1 1
aoc-2021/internal/day5/day5.go:155.19,157.5 1 1
aoc-2021/internal/day4/day4.go:26.17,33.2 4 0
aoc-2021/internal/day4/day4.go:35.35,42.30 4 1
aoc-2021/internal/day4/day4.go:63.2,64.16 2 1
aoc-2021/internal/day4/day4.go:42.30,45.28 2 1
aoc-2021/internal/day4/day4.go:45.28,46.14 1 1
aoc-2021/internal/day4/day4.go:50.4,50.24 1 1
aoc-2021/internal/day4/day4.go:46.14,47.13 1 1
aoc-2021/internal/day4/day4.go:50.24,51.15 1 1
aoc-2021/internal/day4/day4.go:56.5,58.25 3 1
aoc-2021/internal/day4/day4.go:51.15,54.6 2 1
aoc-2021/internal/day4/day4.go:67.34,71.26 3 1
aoc-2021/internal/day4/day4.go:71.26,77.14 5 1
aoc-2021/internal/day4/day4.go:83.3,83.15 1 1
aoc-2021/internal/day4/day4.go:87.3,87.43 1 1
aoc-2021/internal/day4/day4.go:94.3,98.24 4 1
aoc-2021/internal/day4/day4.go:77.14,80.12 3 1
aoc-2021/internal/day4/day4.go:83.15,85.4 1 1
aoc-2021/internal/day4/day4.go:87.43,92.4 3 1
aoc-2021/internal/day4/day4.go:98.24,100.4 1 1
aoc-2021/internal/day4/day4.go:104.45,105.25 1 1
aoc-2021/internal/day4/day4.go:116.2,116.25 1 1
aoc-2021/internal/day4/day4.go:122.2,122.14 1 1
aoc-2021/internal/day4/day4.go:105.25,106.26 1 1
aoc-2021/internal/day4/day4.go:106.26,107.37 1 1
aoc-2021/internal/day4/day4.go:107.37,112.5 4 1
aoc-2021/internal/day4/day4.go:116.25,117.47 1 1
aoc-2021/internal/day4/day4.go:117.47,119.4 1 1
aoc-2021/internal/day4/day4.go:125.43,128.29 2 1
aoc-2021/internal/day4/day4.go:134.2,134.37 1 1
aoc-2021/internal/day4/day4.go:128.29,129.25 1 1
aoc-2021/internal/day4/day4.go:129.25,131.4 1 1
